C51 COMPILER V9.60.0.0   UART                                                              12/08/2022 11:03:30 PAGE 1   


C51 COMPILER V9.60.0.0, COMPILATION OF MODULE UART
OBJECT MODULE PLACED IN .\Objects\uart.obj
COMPILER INVOKED BY: D:\51danpanji\C51\BIN\C51.EXE uart.c OPTIMIZE(8,SPEED) BROWSE DEBUG OBJECTEXTEND PRINT(.\Listings\u
                    -art.lst) OBJECT(.\Objects\uart.obj)

line level    source

   1          #include <REGX52.H>
   2          /*
   3          串口初始化
   4          */
   5          void UartInit(void)             //4800bps@11.0592MHz
   6          {
   7   1              PCON |= 0x80;           //使能波特率倍速位SMOD
   8   1              SCON = 0x50;            //8位数据,可变波特率
   9   1              TMOD &= 0x0F;           //设置定时器模式
  10   1              TMOD |= 0x20;           //设置定时器模式
  11   1              TL1 = 0xF4;             //设置定时初始值
  12   1              TH1 = 0xF4;             //设置定时重载值
  13   1              ET1 = 0;                //禁止定时器%d中断
  14   1              TR1 = 1;                //定时器1开始计时
  15   1              EA  =1;         //定时器打开
  16   1              ES  =1;        //中断使能
  17   1      }
  18          /*
  19          发送一字节
  20          byte：被发送的内容
  21          
  22          */
  23          void Uart_sendbyte(unsigned char byte)
  24          {
  25   1              SBUF=byte;
  26   1              while(TI==0);
  27   1              TI=0;
  28   1      }
  29          //中断服务函数
  30          /*
  31                  void int0() interrupt 4
  32                  {
  33                          if(RI==1)
  34                          {
  35                           P2=SBUF;                                       //判断SBUF中的数据为单片机接收的数据
  36                           Uart_sendbyte(SBUF);           //向电脑发送收到的数据
  37                           TI=0;
  38                           RI=0;
  39                                  
  40                          }
  41                  }
  42          */


MODULE INFORMATION:   STATIC OVERLAYABLE
   CODE SIZE        =     35    ----
   CONSTANT SIZE    =   ----    ----
   XDATA SIZE       =   ----    ----
   PDATA SIZE       =   ----    ----
   DATA SIZE        =   ----    ----
   IDATA SIZE       =   ----    ----
   BIT SIZE         =   ----    ----
END OF MODULE INFORMATION.


C51 COMPILATION COMPLETE.  0 WARNING(S),  0 ERROR(S)
