C51 COMPILER V9.60.7.0   MAIN                                                              02/28/2023 09:35:21 PAGE 1   


C51 COMPILER V9.60.7.0, COMPILATION OF MODULE MAIN
OBJECT MODULE PLACED IN .\Objects\main.obj
COMPILER INVOKED BY: D:\keil5\C51\BIN\C51.EXE User\main.c OPTIMIZE(8,SPEED) BROWSE INCDIR(.\User;.\Software;.\Control) D
                    -EBUG OBJECTEXTEND PRINT(.\Listings\main.lst) OBJECT(.\Objects\main.obj)

line level    source

   1          #include <REGX52.H>
   2          #include <HCSR04.h>
   3          #include <delay.h>
   4          #include <Timer.h>
   5          #include <track.h>
   6          #include <Move.h>
   7          
   8          /*
   9          左右红外
  10          */
  11          sbit LLED =P0^6;
  12          sbit RLED =P0^7;
  13          
  14          extern unsigned int compare;
  15          unsigned int lenth;
  16          unsigned int Lr;
  17          unsigned int Ll;
  18          unsigned int L=15;//小车与障碍物的预定距离---->15cm
  19          
  20          void main(void)
  21          {               
  22   1              Timer1Init();//定时器1
  23   1              Timer2Init();//定时器2
  24   1              ultra_init();//超声波模块初始化
  25   1              while(1)
  26   1              {
  27   2                      lenth=get_distance();
  28   2                      if(lenth>L||lenth<0)
  29   2                      {
  30   3                              if(LLED==RLED)
  31   3                              {
  32   4                                      Track();
  33   4                              }
  34   3                              else
  35   3                              {
  36   4                                      if(LLED==0)
  37   4                                      {
  38   5                                              Right_half_move();
  39   5                                      }
  40   4                                      else
  41   4                                      {
  42   5                                              Left_half_move();
  43   5                                      }
  44   4                              }
  45   3                      }
  46   2                      else
  47   2                      {
  48   3                              Stop_move();
  49   3                              Delay10us(4);
  50   3                              Stop_move();
  51   3                              Delay10us(10000);
  52   3                              
  53   3                              compare=1;
  54   3                              Delay10us(20000);
C51 COMPILER V9.60.7.0   MAIN                                                              02/28/2023 09:35:21 PAGE 2   

  55   3                              Lr=get_distance();
  56   3                              Delay10us(10000);
  57   3                              
  58   3                              compare=5;
  59   3                              Delay10us(40000);
  60   3                              Ll=get_distance();
  61   3                              Delay10us(10000);
  62   3                              
  63   3                              compare=3;
  64   3                              
  65   3                              if(Lr>Ll||Lr<0)
  66   3                              {
  67   4                                      Right_move();
  68   4                              }
  69   3                              else
  70   3                              {
  71   4                                      Left_move();
  72   4                              }
  73   3                              Delay10us(14000);
  74   3                      }
  75   2              }
  76   1      }
  77          


MODULE INFORMATION:   STATIC OVERLAYABLE
   CODE SIZE        =    176    ----
   CONSTANT SIZE    =   ----    ----
   XDATA SIZE       =   ----    ----
   PDATA SIZE       =   ----    ----
   DATA SIZE        =      8    ----
   IDATA SIZE       =   ----    ----
   BIT SIZE         =   ----    ----
END OF MODULE INFORMATION.


C51 COMPILATION COMPLETE.  0 WARNING(S),  0 ERROR(S)
