C51 COMPILER V9.60.7.0   PID                                                               01/28/2023 09:57:58 PAGE 1   


C51 COMPILER V9.60.7.0, COMPILATION OF MODULE PID
OBJECT MODULE PLACED IN .\Objects\PID.obj
COMPILER INVOKED BY: D:\keil5\C51\BIN\C51.EXE Control\PID.c OPTIMIZE(8,SPEED) BROWSE INCDIR(.\User;.\Software;.\Control)
                    - DEBUG OBJECTEXTEND PRINT(.\Listings\PID.lst) OBJECT(.\Objects\PID.obj)

line level    source

   1          #include <REGX52.H>
   2          #include <HCSR04.h>
   3          #include <delay.h>
   4          #include <Move.h>
   5          
   6          void up(int speeds);
   7          void down(int speeds);
   8          unsigned int figure(int outputValue);
   9          void pwm_operation();
  10          
  11          extern unsigned int  ENA_compare;
  12          extern unsigned int  ENB_compare;
  13          
  14          float distance,count_err,last_err,err ;
  15          float p,d,i;
  16          int kp,kd,ki,pid;
  17          int outputValue;
  18          
  19          void initSet()
  20          {
  21   1          kp = 400;
  22   1          ki =10;
  23   1          kd = 10;
  24   1      }
  25          
  26          float targetDistance =15.0;
  27           
  28          void loop() 
  29          {
  30   1        distance=get_distance();
  31   1        Delay10us(10000);//等待0.1s
  32   1        err = distance -targetDistance;//获得当前误差
  33   1        count_err +=err;
  34   1        pid = kp * err + ki*count_err +kd * (err - last_err); //获得p 的值
  35   1        last_err = err;
  36   1        pwm_operation();
  37   1        //转换成输出
  38   1       //outputValue = figure(pid);
  39   1      }
  40          void pwm_operation()
  41          {
  42   1        if(pid > 0)//前进
  43   1        { 
  44   2          if(pid>1000)
  45   2              {
  46   3           pid = 1024;                //转换成输出
  47   3               outputValue = figure(pid);
  48   3               up(outputValue);
  49   3          }
  50   2              else if(pid<500)
  51   2              { 
  52   3                      pid =200;           //转换成输出
  53   3                      outputValue = figure(pid);
  54   3                      up(outputValue);
C51 COMPILER V9.60.7.0   PID                                                               01/28/2023 09:57:58 PAGE 2   

  55   3          }
  56   2        }
  57   1        else if(pid <0)//后退
  58   1        {
  59   2          if(pid<-1000)
  60   2              {
  61   3                      pid = 1024;             //转换成输出
  62   3                      outputValue = figure(pid);
  63   3                      down(outputValue);
  64   3          }
  65   2              else if(pid<-500)
  66   2              {
  67   3                      pid = 200;              //转换成输出
  68   3                      outputValue = figure(pid);
  69   3                      down(outputValue);
  70   3          }
  71   2        }
  72   1        else if(pid == 0)
  73   1        {
  74   2          pid = 0;
  75   2        }
  76   1               
  77   1      }
  78          void up(int speeds)
  79          {
  80   1              ENA_compare=speeds;//左轮前进
  81   1              ENB_compare=speeds;//右轮前进
  82   1              Go_move();
  83   1      }
  84           
  85          void down(int speeds)
  86          {  
  87   1              ENA_compare=speeds;//左轮后退
  88   1              ENB_compare=speeds;//右轮后退
  89   1              back_move();
  90   1      
  91   1      }
  92          unsigned int figure(int outputValue)
  93          {
  94   1              unsigned int Pwm_compare;
  95   1              Pwm_compare=outputValue*0.0976;
  96   1              return Pwm_compare; 
  97   1      }
  98          


MODULE INFORMATION:   STATIC OVERLAYABLE
   CODE SIZE        =    420    ----
   CONSTANT SIZE    =   ----    ----
   XDATA SIZE       =   ----    ----
   PDATA SIZE       =   ----    ----
   DATA SIZE        =     42    ----
   IDATA SIZE       =   ----    ----
   BIT SIZE         =   ----    ----
END OF MODULE INFORMATION.


C51 COMPILATION COMPLETE.  0 WARNING(S),  0 ERROR(S)
