C51 COMPILER V9.60.7.0   MOVE                                                              01/27/2023 12:05:00 PAGE 1   


C51 COMPILER V9.60.7.0, COMPILATION OF MODULE MOVE
OBJECT MODULE PLACED IN .\Objects\Move.obj
COMPILER INVOKED BY: D:\keil5\C51\BIN\C51.EXE User\Move.c OPTIMIZE(8,SPEED) BROWSE INCDIR(.\User;.\Software) DEBUG OBJEC
                    -TEXTEND PRINT(.\Listings\Move.lst) OBJECT(.\Objects\Move.obj)

line level    source

   1          #include <REGX52.H>
   2          /*
   3          µç»ú
   4          */
   5          sbit IN1 = P1^3;
   6          sbit IN2 = P1^4;         
   7          sbit IN3 = P1^5;
   8          sbit IN4 = P1^6;
   9          
  10          void Right_move()
  11          {
  12   1              IN1=1;
  13   1              IN2=0;
  14   1              IN3=0;
  15   1              IN4=1;
  16   1      }
  17          void Right_move_half()
  18          {
  19   1              IN1=0;
  20   1              IN2=1;
  21   1              IN3=1;
  22   1              IN4=1;
  23   1      }
  24          
  25          void Left_move()
  26          {
  27   1              IN1=0;
  28   1              IN2=1;
  29   1              IN3=1;
  30   1              IN4=0;
  31   1      }
  32          void Left_move_half()
  33          {
  34   1              IN1=1;
  35   1              IN2=1;
  36   1              IN3=1;
  37   1              IN4=0;
  38   1      }
  39          
  40          void Go_move()
  41          {
  42   1              IN1=1;
  43   1              IN2=0;
  44   1              IN3=1;
  45   1              IN4=0;
  46   1      }
  47          
  48          void Stop_move()
  49          {
  50   1              IN1=1;
  51   1              IN2=1;
  52   1              IN3=1;
  53   1              IN4=1;
  54   1      } 
C51 COMPILER V9.60.7.0   MOVE                                                              01/27/2023 12:05:00 PAGE 2   

  55          
  56          //void back_move()
  57          //{
  58          //      IN1=0;
  59          //      IN2=1;
  60          //      IN3=0;
  61          //      IN4=1;
  62          //}


MODULE INFORMATION:   STATIC OVERLAYABLE
   CODE SIZE        =     54    ----
   CONSTANT SIZE    =   ----    ----
   XDATA SIZE       =   ----    ----
   PDATA SIZE       =   ----    ----
   DATA SIZE        =   ----    ----
   IDATA SIZE       =   ----    ----
   BIT SIZE         =   ----    ----
END OF MODULE INFORMATION.


C51 COMPILATION COMPLETE.  0 WARNING(S),  0 ERROR(S)
